<?xml version="1.0" encoding="UTF-8"?>
<testng-results ignored="0" total="1" passed="1" failed="0" skipped="0">
  <reporter-output>
  </reporter-output>
  <suite started-at="2022-11-15T16:38:50 CET" name="Default suite" finished-at="2022-11-15T16:39:24 CET" duration-ms="33873">
    <groups>
    </groups>
    <test started-at="2022-11-15T16:38:50 CET" name="Default test" finished-at="2022-11-15T16:39:24 CET" duration-ms="33873">
      <class name="com.the.internet.herokuapp.tests.HomePage">
        <test-method is-config="true" signature="setUpTest()[pri:0, instance:com.the.internet.herokuapp.tests.HomePage@703580bf]" started-at="2022-11-15T16:38:50 CET" name="setUpTest" finished-at="2022-11-15T16:38:51 CET" duration-ms="1280" status="PASS">
          <reporter-output>
          </reporter-output>
        </test-method> <!-- setUpTest -->
        <test-method signature="startTheMainWebsite()[pri:0, instance:com.the.internet.herokuapp.tests.HomePage@703580bf]" started-at="2022-11-15T16:38:51 CET" name="startTheMainWebsite" finished-at="2022-11-15T16:39:08 CET" duration-ms="16393" status="PASS">
          <reporter-output>
          </reporter-output>
        </test-method> <!-- startTheMainWebsite -->
        <test-method is-config="true" signature="tearDownTest()[pri:0, instance:com.the.internet.herokuapp.tests.HomePage@703580bf]" started-at="2022-11-15T16:39:08 CET" name="tearDownTest" finished-at="2022-11-15T16:39:24 CET" duration-ms="16183" status="PASS">
          <reporter-output>
          </reporter-output>
        </test-method> <!-- tearDownTest -->
      </class> <!-- com.the.internet.herokuapp.tests.HomePage -->
    </test> <!-- Default test -->
  </suite> <!-- Default suite -->
</testng-results>
